{"/Users/John/Desktop/springboard/units/Section3/35.1node-pg/express-biztime/app.js": {"path":"/Users/John/Desktop/springboard/units/Section3/35.1node-pg/express-biztime/app.js","statementMap":{"0":{"start":{"line":2,"column":16},"end":{"line":2,"column":34}},"1":{"start":{"line":3,"column":12},"end":{"line":3,"column":21}},"2":{"start":{"line":4,"column":21},"end":{"line":4,"column":46}},"3":{"start":{"line":6,"column":22},"end":{"line":6,"column":51}},"4":{"start":{"line":7,"column":22},"end":{"line":7,"column":50}},"5":{"start":{"line":9,"column":0},"end":{"line":9,"column":24}},"6":{"start":{"line":11,"column":0},"end":{"line":11,"column":37}},"7":{"start":{"line":12,"column":0},"end":{"line":12,"column":36}},"8":{"start":{"line":16,"column":0},"end":{"line":19,"column":3}},"9":{"start":{"line":17,"column":14},"end":{"line":17,"column":48}},"10":{"start":{"line":18,"column":2},"end":{"line":18,"column":19}},"11":{"start":{"line":23,"column":0},"end":{"line":30,"column":3}},"12":{"start":{"line":24,"column":2},"end":{"line":24,"column":32}},"13":{"start":{"line":26,"column":2},"end":{"line":29,"column":5}},"14":{"start":{"line":33,"column":0},"end":{"line":33,"column":21}}},"fnMap":{"0":{"name":"(anonymous_0)","decl":{"start":{"line":16,"column":8},"end":{"line":16,"column":9}},"loc":{"start":{"line":16,"column":33},"end":{"line":19,"column":1}},"line":16},"1":{"name":"(anonymous_1)","decl":{"start":{"line":23,"column":8},"end":{"line":23,"column":9}},"loc":{"start":{"line":23,"column":33},"end":{"line":30,"column":1}},"line":23}},"branchMap":{"0":{"loc":{"start":{"line":24,"column":13},"end":{"line":24,"column":30}},"type":"binary-expr","locations":[{"start":{"line":24,"column":13},"end":{"line":24,"column":23}},{"start":{"line":24,"column":27},"end":{"line":24,"column":30}}],"line":24}},"s":{"0":2,"1":2,"2":2,"3":2,"4":2,"5":2,"6":2,"7":2,"8":2,"9":0,"10":0,"11":2,"12":8,"13":8,"14":2},"f":{"0":0,"1":8},"b":{"0":[8,0]},"_coverageSchema":"1a1c01bbd47fc00a2c39e90264f33305004495a9","hash":"b481799c3d68cd8769e1c18401c815f00dad22b9"}
,"/Users/John/Desktop/springboard/units/Section3/35.1node-pg/express-biztime/db.js": {"path":"/Users/John/Desktop/springboard/units/Section3/35.1node-pg/express-biztime/db.js","statementMap":{"0":{"start":{"line":3,"column":19},"end":{"line":3,"column":32}},"1":{"start":{"line":7,"column":0},"end":{"line":11,"column":1}},"2":{"start":{"line":8,"column":1},"end":{"line":8,"column":39}},"3":{"start":{"line":10,"column":1},"end":{"line":10,"column":34}},"4":{"start":{"line":13,"column":9},"end":{"line":15,"column":2}},"5":{"start":{"line":17,"column":0},"end":{"line":17,"column":13}},"6":{"start":{"line":19,"column":0},"end":{"line":19,"column":20}}},"fnMap":{},"branchMap":{"0":{"loc":{"start":{"line":7,"column":0},"end":{"line":11,"column":1}},"type":"if","locations":[{"start":{"line":7,"column":0},"end":{"line":11,"column":1}},{"start":{"line":9,"column":7},"end":{"line":11,"column":1}}],"line":7}},"s":{"0":2,"1":2,"2":2,"3":0,"4":2,"5":2,"6":2},"f":{},"b":{"0":[2,0]},"_coverageSchema":"1a1c01bbd47fc00a2c39e90264f33305004495a9","hash":"ff0471b69f3def4130eca5ca9fd206ea3acc57e2"}
,"/Users/John/Desktop/springboard/units/Section3/35.1node-pg/express-biztime/expressError.js": {"path":"/Users/John/Desktop/springboard/units/Section3/35.1node-pg/express-biztime/expressError.js","statementMap":{"0":{"start":{"line":9,"column":4},"end":{"line":9,"column":12}},"1":{"start":{"line":10,"column":4},"end":{"line":10,"column":27}},"2":{"start":{"line":11,"column":4},"end":{"line":11,"column":25}},"3":{"start":{"line":12,"column":4},"end":{"line":12,"column":30}},"4":{"start":{"line":17,"column":0},"end":{"line":17,"column":30}}},"fnMap":{"0":{"name":"(anonymous_0)","decl":{"start":{"line":8,"column":2},"end":{"line":8,"column":3}},"loc":{"start":{"line":8,"column":31},"end":{"line":13,"column":3}},"line":8}},"branchMap":{},"s":{"0":8,"1":8,"2":8,"3":8,"4":2},"f":{"0":8},"b":{},"_coverageSchema":"1a1c01bbd47fc00a2c39e90264f33305004495a9","hash":"a7b115e303c2d1430fe2d602bae960706cbf2f77"}
,"/Users/John/Desktop/springboard/units/Section3/35.1node-pg/express-biztime/routes/companies.js": {"path":"/Users/John/Desktop/springboard/units/Section3/35.1node-pg/express-biztime/routes/companies.js","statementMap":{"0":{"start":{"line":2,"column":11},"end":{"line":2,"column":27}},"1":{"start":{"line":3,"column":16},"end":{"line":3,"column":34}},"2":{"start":{"line":4,"column":21},"end":{"line":4,"column":47}},"3":{"start":{"line":5,"column":15},"end":{"line":5,"column":31}},"4":{"start":{"line":8,"column":0},"end":{"line":16,"column":3}},"5":{"start":{"line":9,"column":1},"end":{"line":14,"column":2}},"6":{"start":{"line":10,"column":18},"end":{"line":10,"column":59}},"7":{"start":{"line":11,"column":2},"end":{"line":11,"column":45}},"8":{"start":{"line":13,"column":2},"end":{"line":13,"column":10}},"9":{"start":{"line":18,"column":0},"end":{"line":37,"column":3}},"10":{"start":{"line":20,"column":1},"end":{"line":35,"column":2}},"11":{"start":{"line":21,"column":19},"end":{"line":21,"column":29}},"12":{"start":{"line":22,"column":21},"end":{"line":24,"column":10}},"13":{"start":{"line":25,"column":2},"end":{"line":27,"column":3}},"14":{"start":{"line":26,"column":3},"end":{"line":26,"column":73}},"15":{"start":{"line":28,"column":20},"end":{"line":31,"column":3}},"16":{"start":{"line":32,"column":2},"end":{"line":32,"column":79}},"17":{"start":{"line":34,"column":2},"end":{"line":34,"column":17}},"18":{"start":{"line":39,"column":0},"end":{"line":47,"column":3}},"19":{"start":{"line":40,"column":1},"end":{"line":46,"column":2}},"20":{"start":{"line":41,"column":38},"end":{"line":41,"column":46}},"21":{"start":{"line":42,"column":17},"end":{"line":42,"column":163}},"22":{"start":{"line":43,"column":2},"end":{"line":43,"column":59}},"23":{"start":{"line":45,"column":2},"end":{"line":45,"column":10}},"24":{"start":{"line":49,"column":0},"end":{"line":63,"column":3}},"25":{"start":{"line":50,"column":1},"end":{"line":62,"column":2}},"26":{"start":{"line":51,"column":19},"end":{"line":51,"column":29}},"27":{"start":{"line":52,"column":32},"end":{"line":52,"column":40}},"28":{"start":{"line":53,"column":17},"end":{"line":55,"column":29}},"29":{"start":{"line":56,"column":2},"end":{"line":58,"column":3}},"30":{"start":{"line":57,"column":3},"end":{"line":57,"column":73}},"31":{"start":{"line":59,"column":2},"end":{"line":59,"column":59}},"32":{"start":{"line":61,"column":2},"end":{"line":61,"column":10}},"33":{"start":{"line":65,"column":0},"end":{"line":78,"column":3}},"34":{"start":{"line":66,"column":1},"end":{"line":77,"column":2}},"35":{"start":{"line":67,"column":19},"end":{"line":67,"column":29}},"36":{"start":{"line":68,"column":17},"end":{"line":70,"column":3}},"37":{"start":{"line":71,"column":2},"end":{"line":73,"column":3}},"38":{"start":{"line":72,"column":3},"end":{"line":72,"column":73}},"39":{"start":{"line":74,"column":2},"end":{"line":74,"column":53}},"40":{"start":{"line":76,"column":2},"end":{"line":76,"column":10}},"41":{"start":{"line":80,"column":0},"end":{"line":80,"column":24}}},"fnMap":{"0":{"name":"(anonymous_0)","decl":{"start":{"line":8,"column":16},"end":{"line":8,"column":17}},"loc":{"start":{"line":8,"column":42},"end":{"line":16,"column":1}},"line":8},"1":{"name":"(anonymous_1)","decl":{"start":{"line":18,"column":21},"end":{"line":18,"column":22}},"loc":{"start":{"line":18,"column":46},"end":{"line":37,"column":1}},"line":18},"2":{"name":"(anonymous_2)","decl":{"start":{"line":39,"column":17},"end":{"line":39,"column":18}},"loc":{"start":{"line":39,"column":41},"end":{"line":47,"column":1}},"line":39},"3":{"name":"(anonymous_3)","decl":{"start":{"line":49,"column":21},"end":{"line":49,"column":22}},"loc":{"start":{"line":49,"column":44},"end":{"line":63,"column":1}},"line":49},"4":{"name":"(anonymous_4)","decl":{"start":{"line":65,"column":24},"end":{"line":65,"column":25}},"loc":{"start":{"line":65,"column":47},"end":{"line":78,"column":1}},"line":65}},"branchMap":{"0":{"loc":{"start":{"line":25,"column":2},"end":{"line":27,"column":3}},"type":"if","locations":[{"start":{"line":25,"column":2},"end":{"line":27,"column":3}},{"start":{},"end":{}}],"line":25},"1":{"loc":{"start":{"line":56,"column":2},"end":{"line":58,"column":3}},"type":"if","locations":[{"start":{"line":56,"column":2},"end":{"line":58,"column":3}},{"start":{},"end":{}}],"line":56},"2":{"loc":{"start":{"line":71,"column":2},"end":{"line":73,"column":3}},"type":"if","locations":[{"start":{"line":71,"column":2},"end":{"line":73,"column":3}},{"start":{},"end":{}}],"line":71}},"s":{"0":2,"1":2,"2":2,"3":2,"4":2,"5":1,"6":1,"7":1,"8":0,"9":2,"10":2,"11":2,"12":2,"13":2,"14":1,"15":1,"16":1,"17":1,"18":2,"19":1,"20":1,"21":1,"22":1,"23":0,"24":2,"25":2,"26":2,"27":2,"28":2,"29":2,"30":1,"31":1,"32":1,"33":2,"34":2,"35":2,"36":2,"37":2,"38":2,"39":0,"40":2,"41":2},"f":{"0":1,"1":2,"2":1,"3":2,"4":2},"b":{"0":[1,1],"1":[1,1],"2":[2,0]},"_coverageSchema":"1a1c01bbd47fc00a2c39e90264f33305004495a9","hash":"0fe27ea18e5ed3bc260f5e537e2aff3f223e1fa0"}
,"/Users/John/Desktop/springboard/units/Section3/35.1node-pg/express-biztime/routes/invoices.js": {"path":"/Users/John/Desktop/springboard/units/Section3/35.1node-pg/express-biztime/routes/invoices.js","statementMap":{"0":{"start":{"line":1,"column":11},"end":{"line":1,"column":27}},"1":{"start":{"line":2,"column":16},"end":{"line":2,"column":34}},"2":{"start":{"line":3,"column":21},"end":{"line":3,"column":47}},"3":{"start":{"line":4,"column":15},"end":{"line":4,"column":31}},"4":{"start":{"line":6,"column":0},"end":{"line":13,"column":2}},"5":{"start":{"line":7,"column":1},"end":{"line":12,"column":2}},"6":{"start":{"line":8,"column":18},"end":{"line":8,"column":58}},"7":{"start":{"line":9,"column":2},"end":{"line":9,"column":43}},"8":{"start":{"line":11,"column":2},"end":{"line":11,"column":9}},"9":{"start":{"line":15,"column":0},"end":{"line":29,"column":2}},"10":{"start":{"line":16,"column":1},"end":{"line":28,"column":2}},"11":{"start":{"line":17,"column":17},"end":{"line":17,"column":27}},"12":{"start":{"line":18,"column":17},"end":{"line":20,"column":3}},"13":{"start":{"line":22,"column":2},"end":{"line":24,"column":3}},"14":{"start":{"line":23,"column":3},"end":{"line":23,"column":68}},"15":{"start":{"line":25,"column":2},"end":{"line":25,"column":44}},"16":{"start":{"line":27,"column":2},"end":{"line":27,"column":9}},"17":{"start":{"line":31,"column":0},"end":{"line":41,"column":3}},"18":{"start":{"line":32,"column":1},"end":{"line":40,"column":2}},"19":{"start":{"line":33,"column":29},"end":{"line":33,"column":37}},"20":{"start":{"line":34,"column":17},"end":{"line":36,"column":3}},"21":{"start":{"line":37,"column":2},"end":{"line":37,"column":57}},"22":{"start":{"line":39,"column":2},"end":{"line":39,"column":10}},"23":{"start":{"line":43,"column":0},"end":{"line":58,"column":4}},"24":{"start":{"line":44,"column":1},"end":{"line":57,"column":2}},"25":{"start":{"line":45,"column":17},"end":{"line":45,"column":27}},"26":{"start":{"line":46,"column":18},"end":{"line":46,"column":26}},"27":{"start":{"line":47,"column":17},"end":{"line":49,"column":3}},"28":{"start":{"line":50,"column":2},"end":{"line":50,"column":26}},"29":{"start":{"line":51,"column":2},"end":{"line":53,"column":3}},"30":{"start":{"line":52,"column":3},"end":{"line":52,"column":72}},"31":{"start":{"line":54,"column":2},"end":{"line":54,"column":56}},"32":{"start":{"line":56,"column":2},"end":{"line":56,"column":10}},"33":{"start":{"line":60,"column":0},"end":{"line":73,"column":4}},"34":{"start":{"line":61,"column":1},"end":{"line":72,"column":2}},"35":{"start":{"line":62,"column":17},"end":{"line":62,"column":27}},"36":{"start":{"line":63,"column":17},"end":{"line":65,"column":3}},"37":{"start":{"line":66,"column":2},"end":{"line":68,"column":3}},"38":{"start":{"line":67,"column":3},"end":{"line":67,"column":72}},"39":{"start":{"line":69,"column":2},"end":{"line":69,"column":51}},"40":{"start":{"line":71,"column":2},"end":{"line":71,"column":10}},"41":{"start":{"line":75,"column":0},"end":{"line":75,"column":24}}},"fnMap":{"0":{"name":"(anonymous_0)","decl":{"start":{"line":6,"column":16},"end":{"line":6,"column":17}},"loc":{"start":{"line":6,"column":41},"end":{"line":13,"column":1}},"line":6},"1":{"name":"(anonymous_1)","decl":{"start":{"line":15,"column":19},"end":{"line":15,"column":20}},"loc":{"start":{"line":15,"column":44},"end":{"line":29,"column":1}},"line":15},"2":{"name":"(anonymous_2)","decl":{"start":{"line":31,"column":17},"end":{"line":31,"column":18}},"loc":{"start":{"line":31,"column":42},"end":{"line":41,"column":1}},"line":31},"3":{"name":"(anonymous_3)","decl":{"start":{"line":43,"column":19},"end":{"line":43,"column":20}},"loc":{"start":{"line":43,"column":44},"end":{"line":58,"column":2}},"line":43},"4":{"name":"(anonymous_4)","decl":{"start":{"line":60,"column":22},"end":{"line":60,"column":23}},"loc":{"start":{"line":60,"column":47},"end":{"line":73,"column":2}},"line":60}},"branchMap":{"0":{"loc":{"start":{"line":22,"column":2},"end":{"line":24,"column":3}},"type":"if","locations":[{"start":{"line":22,"column":2},"end":{"line":24,"column":3}},{"start":{},"end":{}}],"line":22},"1":{"loc":{"start":{"line":51,"column":2},"end":{"line":53,"column":3}},"type":"if","locations":[{"start":{"line":51,"column":2},"end":{"line":53,"column":3}},{"start":{},"end":{}}],"line":51},"2":{"loc":{"start":{"line":66,"column":2},"end":{"line":68,"column":3}},"type":"if","locations":[{"start":{"line":66,"column":2},"end":{"line":68,"column":3}},{"start":{},"end":{}}],"line":66}},"s":{"0":2,"1":2,"2":2,"3":2,"4":2,"5":0,"6":0,"7":0,"8":0,"9":2,"10":1,"11":1,"12":1,"13":1,"14":1,"15":0,"16":1,"17":2,"18":1,"19":1,"20":1,"21":1,"22":0,"23":2,"24":2,"25":2,"26":2,"27":2,"28":2,"29":2,"30":2,"31":0,"32":2,"33":2,"34":2,"35":2,"36":2,"37":2,"38":1,"39":1,"40":1,"41":2},"f":{"0":0,"1":1,"2":1,"3":2,"4":2},"b":{"0":[1,0],"1":[2,0],"2":[1,1]},"_coverageSchema":"1a1c01bbd47fc00a2c39e90264f33305004495a9","hash":"528c0048241434f8093e0103642b0db7a6cbc147"}
}
