TN:
SF:app.js
FN:16,(anonymous_0)
FN:23,(anonymous_1)
FNF:2
FNH:1
FNDA:0,(anonymous_0)
FNDA:8,(anonymous_1)
DA:2,2
DA:3,2
DA:4,2
DA:6,2
DA:7,2
DA:9,2
DA:11,2
DA:12,2
DA:16,2
DA:17,0
DA:18,0
DA:23,2
DA:24,8
DA:26,8
DA:33,2
LF:15
LH:13
BRDA:24,0,0,8
BRDA:24,0,1,0
BRF:2
BRH:1
end_of_record
TN:
SF:db.js
FNF:0
FNH:0
DA:3,2
DA:7,2
DA:8,2
DA:10,0
DA:13,2
DA:17,2
DA:19,2
LF:7
LH:6
BRDA:7,0,0,2
BRDA:7,0,1,0
BRF:2
BRH:1
end_of_record
TN:
SF:expressError.js
FN:8,(anonymous_0)
FNF:1
FNH:1
FNDA:8,(anonymous_0)
DA:9,8
DA:10,8
DA:11,8
DA:12,8
DA:17,2
LF:5
LH:5
BRF:0
BRH:0
end_of_record
TN:
SF:routes/companies.js
FN:8,(anonymous_0)
FN:18,(anonymous_1)
FN:39,(anonymous_2)
FN:49,(anonymous_3)
FN:65,(anonymous_4)
FNF:5
FNH:5
FNDA:1,(anonymous_0)
FNDA:2,(anonymous_1)
FNDA:1,(anonymous_2)
FNDA:2,(anonymous_3)
FNDA:2,(anonymous_4)
DA:2,2
DA:3,2
DA:4,2
DA:5,2
DA:8,2
DA:9,1
DA:10,1
DA:11,1
DA:13,0
DA:18,2
DA:20,2
DA:21,2
DA:22,2
DA:25,2
DA:26,1
DA:28,1
DA:32,1
DA:34,1
DA:39,2
DA:40,1
DA:41,1
DA:42,1
DA:43,1
DA:45,0
DA:49,2
DA:50,2
DA:51,2
DA:52,2
DA:53,2
DA:56,2
DA:57,1
DA:59,1
DA:61,1
DA:65,2
DA:66,2
DA:67,2
DA:68,2
DA:71,2
DA:72,2
DA:74,0
DA:76,2
DA:80,2
LF:42
LH:39
BRDA:25,0,0,1
BRDA:25,0,1,1
BRDA:56,1,0,1
BRDA:56,1,1,1
BRDA:71,2,0,2
BRDA:71,2,1,0
BRF:6
BRH:5
end_of_record
TN:
SF:routes/invoices.js
FN:6,(anonymous_0)
FN:15,(anonymous_1)
FN:31,(anonymous_2)
FN:43,(anonymous_3)
FN:60,(anonymous_4)
FNF:5
FNH:4
FNDA:0,(anonymous_0)
FNDA:1,(anonymous_1)
FNDA:1,(anonymous_2)
FNDA:2,(anonymous_3)
FNDA:2,(anonymous_4)
DA:1,2
DA:2,2
DA:3,2
DA:4,2
DA:6,2
DA:7,0
DA:8,0
DA:9,0
DA:11,0
DA:15,2
DA:16,1
DA:17,1
DA:18,1
DA:22,1
DA:23,1
DA:25,0
DA:27,1
DA:31,2
DA:32,1
DA:33,1
DA:34,1
DA:37,1
DA:39,0
DA:43,2
DA:44,2
DA:45,2
DA:46,2
DA:47,2
DA:50,2
DA:51,2
DA:52,2
DA:54,0
DA:56,2
DA:60,2
DA:61,2
DA:62,2
DA:63,2
DA:66,2
DA:67,1
DA:69,1
DA:71,1
DA:75,2
LF:42
LH:35
BRDA:22,0,0,1
BRDA:22,0,1,0
BRDA:51,1,0,2
BRDA:51,1,1,0
BRDA:66,2,0,1
BRDA:66,2,1,1
BRF:6
BRH:4
end_of_record
